<?xml version="1.0" encoding="UTF-8"?>
<testng-results ignored="0" total="1" passed="1" failed="0" skipped="0">
  <reporter-output>
  </reporter-output>
  <suite started-at="2024-10-21T17:38:19 IST" name="Default suite" finished-at="2024-10-21T17:38:31 IST" duration-ms="11765">
    <groups>
    </groups>
    <test started-at="2024-10-21T17:38:19 IST" name="Default test" finished-at="2024-10-21T17:38:31 IST" duration-ms="11765">
      <class name="testCases.LoginPageTest">
        <test-method is-config="true" signature="setUp()[pri:0, instance:testCases.LoginPageTest@53fe15ff]" started-at="2024-10-21T17:38:19 IST" name="setUp" finished-at="2024-10-21T17:38:29 IST" duration-ms="9663" status="PASS">
          <reporter-output>
          </reporter-output>
        </test-method> <!-- setUp -->
        <test-method signature="LoginTest()[pri:0, instance:testCases.LoginPageTest@53fe15ff]" started-at="2024-10-21T17:38:29 IST" name="LoginTest" finished-at="2024-10-21T17:38:30 IST" duration-ms="1742" status="PASS">
          <reporter-output>
          </reporter-output>
        </test-method> <!-- LoginTest -->
        <test-method is-config="true" signature="tearDown()[pri:0, instance:testCases.LoginPageTest@53fe15ff]" started-at="2024-10-21T17:38:30 IST" name="tearDown" finished-at="2024-10-21T17:38:31 IST" duration-ms="291" status="PASS">
          <reporter-output>
          </reporter-output>
        </test-method> <!-- tearDown -->
      </class> <!-- testCases.LoginPageTest -->
    </test> <!-- Default test -->
  </suite> <!-- Default suite -->
</testng-results>
